<?xml version="1.0" encoding="UTF-8"?>
<!-- Generated by org.testng.reporters.JUnitXMLReporter -->
<testsuite hostname="DESKTOP-R8FNNF1" ignored="7" name="Test" tests="3" failures="0" timestamp="16 Apr 2022 08:22:43 GMT" time="0.055" errors="0">
  <testcase name="test1" time="0.013" classname="org.tcs.Sample"/>
  <testcase name="test2" time="0.002" classname="org.tcs.Sample"/>
  <testcase name="test12" time="0.002" classname="org.tcs.Employee"/>
  <testcase name="test22" time="0.0" classname="org.tcs.Adcatin">
    <ignored/>
  </testcase> <!-- test22 -->
  <testcase name="test21" time="0.0" classname="org.tcs.Adcatin">
    <ignored/>
  </testcase> <!-- test21 -->
  <testcase name="test13" time="0.0" classname="org.tcs.Employee">
    <ignored/>
  </testcase> <!-- test13 -->
  <testcase name="test11" time="0.0" classname="org.tcs.Employee">
    <ignored/>
  </testcase> <!-- test11 -->
  <testcase name="test3" time="0.0" classname="org.tcs.Sample">
    <ignored/>
  </testcase> <!-- test3 -->
  <testcase name="test4" time="0.0" classname="org.tcs.Sample">
    <ignored/>
  </testcase> <!-- test4 -->
  <testcase name="test14" time="0.0" classname="org.tcs.Employee">
    <ignored/>
  </testcase> <!-- test14 -->
</testsuite> <!-- Test -->
